2023-04-10 04:46:03.750 [info] Log level: Info
2023-04-10 04:46:03.750 [info] Validating found git in: "git"
2023-04-10 04:46:03.750 [info] Using git "2.25.1" from "git"
2023-04-10 04:46:03.750 [info] > git rev-parse --show-toplevel [29ms]
2023-04-10 04:46:03.750 [info] > git rev-parse --git-dir --git-common-dir [3ms]
2023-04-10 04:46:03.750 [info] Open repository: /home/cms-jovyan
2023-04-10 04:46:03.750 [info] > git rev-parse --show-toplevel [6ms]
2023-04-10 04:46:03.750 [info] > git config --get commit.template [6ms]
2023-04-10 04:46:03.750 [info] > git rev-parse --show-toplevel [7ms]
2023-04-10 04:46:03.750 [info] > git for-each-ref --format=%(refname)%00%(upstream:short)%00%(objectname)%00%(upstream:track)%00%(upstream:remotename)%00%(upstream:remoteref) refs/heads/master refs/remotes/master [5ms]
2023-04-10 04:46:03.750 [info] > git rev-parse --show-toplevel [6ms]
2023-04-10 04:46:03.750 [info] > git rev-parse --show-toplevel [4ms]
2023-04-10 04:46:03.750 [info] > git rev-parse --show-toplevel [3ms]
2023-04-10 04:46:03.750 [info] > git rev-parse --show-toplevel [1ms]
2023-04-10 04:46:03.750 [info] > git rev-parse --show-toplevel [1ms]
2023-04-10 04:46:03.750 [info] > git rev-parse --show-toplevel [1ms]
2023-04-10 04:46:03.750 [info] > git rev-parse --show-toplevel [4ms]
2023-04-10 04:46:03.750 [info] > git rev-parse --show-toplevel [2ms]
2023-04-10 04:46:03.750 [info] > git rev-parse --show-toplevel [2ms]
2023-04-10 04:46:03.750 [info] > git status -z -uall [106ms] (cancelled)
2023-04-10 04:46:04.407 [info] > git check-ignore -v -z --stdin [21ms]
