Visual Studio Code (1.77.1, attached-container, desktop)
Jupyter Extension Version: 2023.3.1000892223.
Python Extension Version: 2023.6.0.
Workspace folder /home/cms-jovyan
info 04:38:45.895: ZMQ loaded via fallback mechanism.
User belongs to experiment group 'jupyterEnhancedDataViewer'
User belongs to experiment group 'jupyterTest'
info 04:38:46.183: LSP Notebooks experiment is enabled
info 04:38:46.599: Checking for server existence.
info 04:38:46.600: Connecting to server
info 04:38:46.601: Connecting remote server kernel http://128.205.11.158:8882/
Connecting to Jupyter server at http://128.205.11.158:8882/
warn 04:38:53.000: Failed to get activated env vars for /bin/python3 in 2985ms
info 04:38:53.038: Process Execution: > /bin/python3 -c "import site;print("USER_BASE_VALUE");print(site.USER_BASE);print("USER_BASE_VALUE");"
> /bin/python3 -c "import site;print("USER_BASE_VALUE");print(site.USER_BASE);print("USER_BASE_VALUE");"
info 04:38:53.070: Process Execution: > /bin/python3 -m pip list
> /bin/python3 -m pip list
info 04:38:53.212: Process Execution: > /bin/python3 -c "import pip;print('6af208d0-cb9c-427f-b937-ff563e17efdf')"
> /bin/python3 -c "import pip;print('6af208d0-cb9c-427f-b937-ff563e17efdf')"
error 04:38:53.227: interpreterPackages getPackageInformation, Class name = Kd, completed in 3213ms, has a falsy return value, Arg 1: {"interpreter":{"id":"/bin/python3","sysPrefix":"/usr","displayPath":{"$mid":1,"fsPath":"/bin/python3","path":"/bin/python3","scheme":"file"},"envName":"","uri":{"$mid":1,"fsPath":"/bin/python3","external":"file:///bin/python3","path":"/bin/python3","scheme":"file"},"displayName":"","envType":"Unknown","isCondaEnvWithoutPython":false,"version":{"major":3,"minor":8,"patch":10,"raw":"3.8.10 (default, Sep 28 2021, 16:10:42) \n[GCC 9.3.0]"}}} [su [Error]: Module 'pip' not installed.
	at au.execModule (/home/cms-jovyan/.vscode-server/extensions/ms-toolsai.jupyter-2023.3.1000892223/out/extension.node.js:7:27794)
	at async Kd.getPackageInformation (/home/cms-jovyan/.vscode-server/extensions/ms-toolsai.jupyter-2023.3.1000892223/out/extension.node.js:7:19123)] {
  category: 'notinstalled',
  moduleName: 'pip'
}
info 04:41:28.573: Creating server with url : http://127.0.0.1:8888/
info 04:42:31.060: Creating server with url : http://128.205.11.158:8888/
warn 04:42:31.085: Uri verification error [t [Error]: Forbidden
	at Function.create (/home/cms-jovyan/.vscode-server/extensions/ms-toolsai.jupyter-2023.3.1000892223/out/extension.node.js:2:68133)
	at processTicksAndRejections (node:internal/process/task_queues:96:5)
	at async Object.t.listRunning (/home/cms-jovyan/.vscode-server/extensions/ms-toolsai.jupyter-2023.3.1000892223/out/extension.node.js:2:55998)
	at async jg.getRunningKernels (/home/cms-jovyan/.vscode-server/extensions/ms-toolsai.jupyter-2023.3.1000892223/out/extension.node.js:17:237503)
	at async Promise.all (index 0)
	at async Ki.validateRemoteConnection (/home/cms-jovyan/.vscode-server/extensions/ms-toolsai.jupyter-2023.3.1000892223/out/extension.node.js:2:1705868)
	at async go (/home/cms-jovyan/.vscode-server/extensions/ms-toolsai.jupyter-2023.3.1000892223/out/extension.node.js:2:1712539)
	at async /home/cms-jovyan/.vscode-server/extensions/ms-toolsai.jupyter-2023.3.1000892223/out/extension.node.js:24:491698] {
  response: L [Response] {
    size: 0,
    timeout: 0,
    [Symbol(Body internals)]: { body: [PassThrough], disturbed: true, error: null },
    [Symbol(Response internals)]: {
      url: 'http://128.205.11.158:8888/api/kernels?1681101751071',
      status: 403,
      statusText: 'Forbidden',
      headers: [T [Headers]],
      counter: 0
    }
  },
  traceback: ''
}
error 04:42:31.089: SessionManager:getKernelSpecs failure:  [Error: Poll (@jupyterlab/services:KernelSpecManager#specs) is disposed.
	at e.dispose (/home/cms-jovyan/.vscode-server/extensions/ms-toolsai.jupyter-2023.3.1000892223/out/extension.node.js:2:171555)
	at u.dispose (/home/cms-jovyan/.vscode-server/extensions/ms-toolsai.jupyter-2023.3.1000892223/out/extension.node.js:2:62984)
	at jg.dispose (/home/cms-jovyan/.vscode-server/extensions/ms-toolsai.jupyter-2023.3.1000892223/out/extension.node.js:17:236617)
	at processTicksAndRejections (node:internal/process/task_queues:96:5)]
info 04:42:35.985: Creating server with url : http://128.205.11.158:8882/
info 04:45:00.167: Starting Jupyter Session startUsingPythonInterpreter, .jvsc74a57bd0916dbcbb3f70747c44a77c7bcd40155683ae19c65e1c03b4aa3499c5328201f1./bin/python3./bin/python3.-m#ipykernel_launcher (Python Path: , EnvType: Unknown, EnvName: '', Version: 3.8.10 (default, Sep 28 2021, 16:10:42) 
[GCC 9.3.0]) for '/home/cms-jovyan/Gaussian fit for different pt ranges.ipynb' (disableUI=true)
warn 04:45:00.267: Failed to get activated env vars for /bin/python3 in 232ms
info 04:45:00.281: Process Execution: > /bin/python3 -m pip list
> /bin/python3 -m pip list
info 04:45:00.318: Process Execution: > /bin/python3 -c "import pip;print('6af208d0-cb9c-427f-b937-ff563e17efdf')"
> /bin/python3 -c "import pip;print('6af208d0-cb9c-427f-b937-ff563e17efdf')"
error 04:45:00.336: interpreterPackages getPackageInformation, Class name = Kd, completed in 300ms, has a falsy return value, Arg 1: {"interpreter":{"id":"/bin/python3","sysPrefix":"/usr","displayPath":{"$mid":1,"fsPath":"/bin/python3","path":"/bin/python3","scheme":"file"},"envName":"","uri":{"$mid":1,"fsPath":"/bin/python3","external":"file:///bin/python3","path":"/bin/python3","scheme":"file"},"displayName":"","envType":"Unknown","isCondaEnvWithoutPython":false,"version":{"major":3,"minor":8,"patch":10,"raw":"3.8.10 (default, Sep 28 2021, 16:10:42) \n[GCC 9.3.0]"}}} [su [Error]: Module 'pip' not installed.
	at au.execModule (/home/cms-jovyan/.vscode-server/extensions/ms-toolsai.jupyter-2023.3.1000892223/out/extension.node.js:7:27794)
	at processTicksAndRejections (node:internal/process/task_queues:96:5)
	at async Kd.getPackageInformation (/home/cms-jovyan/.vscode-server/extensions/ms-toolsai.jupyter-2023.3.1000892223/out/extension.node.js:7:19123)] {
  category: 'notinstalled',
  moduleName: 'pip'
}
warn 04:45:00.439: Failed to get activated env vars for /bin/python3 in 268ms
info 04:45:00.449: Process Execution: > /bin/python3 -c "import ipykernel; print(ipykernel.__version__); print("5dc3a68c-e34e-4080-9c3e-2a532b2ccb4d"); print(ipykernel.__file__)"
> /bin/python3 -c "import ipykernel; print(ipykernel.__version__); print("5dc3a68c-e34e-4080-9c3e-2a532b2ccb4d"); print(ipykernel.__file__)"
warn 04:45:00.465: Stderr output when getting ipykernel version & path Traceback (most recent call last):
  File "<string>", line 1, in <module>
ModuleNotFoundError: No module named 'ipykernel' for /bin/python3
warn 04:45:00.480: Failed to get activated env vars for /bin/python3 in 294ms
warn 04:45:00.480: Failed to get activated env vars for /bin/python3 in 294ms
info 04:45:00.491: Process Execution: > /bin/python3 -m ipykernel_launcher --ip=127.0.0.1 --stdin=9003 --control=9001 --hb=9000 --Session.signature_scheme="hmac-sha256" --Session.key=b"907dae13-05c7-4059-847b-13688158b2c5" --shell=9002 --transport="tcp" --iopub=9004 --f=/home/cms-jovyan/.local/share/jupyter/runtime/kernel-v2-973JeKAVJhuZ3NK.json
> /bin/python3 -m ipykernel_launcher --ip=127.0.0.1 --stdin=9003 --control=9001 --hb=9000 --Session.signature_scheme="hmac-sha256" --Session.key=b"907dae13-05c7-4059-847b-13688158b2c5" --shell=9002 --transport="tcp" --iopub=9004 --f=/home/cms-jovyan/.local/share/jupyter/runtime/kernel-v2-973JeKAVJhuZ3NK.json
info 04:45:00.491: Process Execution: cwd: ~
cwd: ~
warn 04:45:00.514: StdErr from Kernel Process /bin/python3: No module named ipykernel_launcher

error 04:45:00.517: Disposing kernel process due to an error [zp [Error]: The kernel died. Error: /bin/python3: No module named ipykernel_launcher... View Jupyter [log](command:jupyter.viewOutput) for further details.
	at ChildProcess.<anonymous> (/home/cms-jovyan/.vscode-server/extensions/ms-toolsai.jupyter-2023.3.1000892223/out/extension.node.js:17:58325)
	at ChildProcess.emit (node:events:538:35)
	at Process.ChildProcess._handle.onexit (node:internal/child_process:291:12)] {
  category: 'kerneldied',
  kernelConnectionMetadata: da {
    kind: 'startUsingPythonInterpreter',
    kernelSpec: cs {
      specFile: '/home/cms-jovyan/.vscode-server/extensions/ms-toolsai.jupyter-2023.3.1000892223/temp/jupyter/kernels/pythonjvsc74a57bd0916dbcbb3f70747c44a77c7bcd40155683ae19c65e1c03b4aa3499c5328201f1/kernel.json',
      interpreterPath: '/bin/python3',
      isRegisteredByVSC: 'registeredByNewVersionOfExt',
      name: 'pythonjvsc74a57bd0916dbcbb3f70747c44a77c7bcd40155683ae19c65e1c03b4aa3499c5328201f1',
      argv: [Array],
      language: 'python',
      executable: 'python',
      display_name: 'Python 3',
      metadata: [Object],
      env: {},
      interrupt_mode: undefined
    },
    interpreter: {
      id: '/bin/python3',
      sysPrefix: '/usr',
      envPath: undefined,
      displayPath: [E],
      envName: '',
      uri: [E],
      displayName: '',
      envType: 'Unknown',
      isCondaEnvWithoutPython: false,
      version: [Object]
    },
    id: '.jvsc74a57bd0916dbcbb3f70747c44a77c7bcd40155683ae19c65e1c03b4aa3499c5328201f1./bin/python3./bin/python3.-m#ipykernel_launcher'
  },
  exitCode: 1,
  stdErr: '/bin/python3: No module named ipykernel_launcher\n'
}
error 04:45:00.519: /bin/python3: No module named ipykernel_launcher

info 04:45:00.519: Dispose Kernel process 4562.
error 04:45:00.520: Kernel Launcher. launch, Class name = ah, completed in 349ms, has a falsy return value, Arg 1: {"id":".jvsc74a57bd0916dbcbb3f70747c44a77c7bcd40155683ae19c65e1c03b4aa3499c5328201f1./bin/python3./bin/python3.-m#ipykernel_launcher","kernelSpec":{"specFile":"/home/cms-jovyan/.vscode-server/extensions/ms-toolsai.jupyter-2023.3.1000892223/temp/jupyter/kernels/pythonjvsc74a57bd0916dbcbb3f70747c44a77c7bcd40155683ae19c65e1c03b4aa3499c5328201f1/kernel.json","interpreterPath":"/bin/python3","isRegisteredByVSC":"registeredByNewVersionOfExt","name":"pythonjvsc74a57bd0916dbcbb3f70747c44a77c7bcd40155683ae19c65e1c03b4aa3499c5328201f1","argv":["python","-m","ipykernel_launcher","-f","{connection_file}"],"language":"python","executable":"python","display_name":"Python 3","metadata":{"interpreter":{"path":"/bin/python3"}},"env":{}},"interpreter":{"id":"/bin/python3","sysPrefix":"/usr","displayPath":"/bin/python3","envName":"","displayName":"","envType":"Unknown","isCondaEnvWithoutPython":false,"version":{"major":3,"minor":8,"patch":10,"raw":"3.8.10 (default, Sep 28 2021, 16:10:42) \n[GCC 9.3.0]"},"path":"/bin/python3"},"kind":"startUsingPythonInterpreter"}, Arg 2: 60000, Arg 3: "~/Gaussian fit for different pt ranges.ipynb", Arg 4: "~", Arg 5: <argument cannot be serialized for logging> [zp [Error]: The kernel died. Error: /bin/python3: No module named ipykernel_launcher... View Jupyter [log](command:jupyter.viewOutput) for further details.
	at ChildProcess.<anonymous> (/home/cms-jovyan/.vscode-server/extensions/ms-toolsai.jupyter-2023.3.1000892223/out/extension.node.js:17:58325)
	at ChildProcess.emit (node:events:538:35)
	at Process.ChildProcess._handle.onexit (node:internal/child_process:291:12)] {
  category: 'kerneldied',
  kernelConnectionMetadata: da {
    kind: 'startUsingPythonInterpreter',
    kernelSpec: cs {
      specFile: '/home/cms-jovyan/.vscode-server/extensions/ms-toolsai.jupyter-2023.3.1000892223/temp/jupyter/kernels/pythonjvsc74a57bd0916dbcbb3f70747c44a77c7bcd40155683ae19c65e1c03b4aa3499c5328201f1/kernel.json',
      interpreterPath: '/bin/python3',
      isRegisteredByVSC: 'registeredByNewVersionOfExt',
      name: 'pythonjvsc74a57bd0916dbcbb3f70747c44a77c7bcd40155683ae19c65e1c03b4aa3499c5328201f1',
      argv: [Array],
      language: 'python',
      executable: 'python',
      display_name: 'Python 3',
      metadata: [Object],
      env: {},
      interrupt_mode: undefined
    },
    interpreter: {
      id: '/bin/python3',
      sysPrefix: '/usr',
      envPath: undefined,
      displayPath: [E],
      envName: '',
      uri: [E],
      displayName: '',
      envType: 'Unknown',
      isCondaEnvWithoutPython: false,
      version: [Object]
    },
    id: '.jvsc74a57bd0916dbcbb3f70747c44a77c7bcd40155683ae19c65e1c03b4aa3499c5328201f1./bin/python3./bin/python3.-m#ipykernel_launcher'
  },
  exitCode: 1,
  stdErr: '/bin/python3: No module named ipykernel_launcher\n'
}
error 04:45:00.521: Failed to connect raw kernel session: Error: The kernel died. Error: /bin/python3: No module named ipykernel_launcher... View Jupyter [log](command:jupyter.viewOutput) for further details.
warn 04:45:00.522: Error occurred while trying to start the kernel, options.disableUI=true [zp [Error]: The kernel died. Error: /bin/python3: No module named ipykernel_launcher... View Jupyter [log](command:jupyter.viewOutput) for further details.
	at ChildProcess.<anonymous> (/home/cms-jovyan/.vscode-server/extensions/ms-toolsai.jupyter-2023.3.1000892223/out/extension.node.js:17:58325)
	at ChildProcess.emit (node:events:538:35)
	at Process.ChildProcess._handle.onexit (node:internal/child_process:291:12)] {
  category: 'kerneldied',
  kernelConnectionMetadata: da {
    kind: 'startUsingPythonInterpreter',
    kernelSpec: cs {
      specFile: '/home/cms-jovyan/.vscode-server/extensions/ms-toolsai.jupyter-2023.3.1000892223/temp/jupyter/kernels/pythonjvsc74a57bd0916dbcbb3f70747c44a77c7bcd40155683ae19c65e1c03b4aa3499c5328201f1/kernel.json',
      interpreterPath: '/bin/python3',
      isRegisteredByVSC: 'registeredByNewVersionOfExt',
      name: 'pythonjvsc74a57bd0916dbcbb3f70747c44a77c7bcd40155683ae19c65e1c03b4aa3499c5328201f1',
      argv: [Array],
      language: 'python',
      executable: 'python',
      display_name: 'Python 3',
      metadata: [Object],
      env: {},
      interrupt_mode: undefined
    },
    interpreter: {
      id: '/bin/python3',
      sysPrefix: '/usr',
      envPath: undefined,
      displayPath: [E],
      envName: '',
      uri: [E],
      displayName: '',
      envType: 'Unknown',
      isCondaEnvWithoutPython: false,
      version: [Object]
    },
    id: '.jvsc74a57bd0916dbcbb3f70747c44a77c7bcd40155683ae19c65e1c03b4aa3499c5328201f1./bin/python3./bin/python3.-m#ipykernel_launcher'
  },
  exitCode: 1,
  stdErr: '/bin/python3: No module named ipykernel_launcher\n'
}
info 04:45:03.252: Starting Jupyter Session startUsingPythonInterpreter, .jvsc74a57bd0916dbcbb3f70747c44a77c7bcd40155683ae19c65e1c03b4aa3499c5328201f1./bin/python3./bin/python3.-m#ipykernel_launcher (Python Path: , EnvType: Unknown, EnvName: '', Version: 3.8.10 (default, Sep 28 2021, 16:10:42) 
[GCC 9.3.0]) for '/home/cms-jovyan/Gaussian fit for different pt ranges.ipynb' (disableUI=false)
warn 04:45:03.574: Failed to get activated env vars for /bin/python3 in 315ms
warn 04:45:03.574: Failed to get activated env vars for /bin/python3 in 308ms
info 04:45:03.588: Process Execution: > /bin/python3 -c "import ipykernel; print(ipykernel.__version__); print("5dc3a68c-e34e-4080-9c3e-2a532b2ccb4d"); print(ipykernel.__file__)"
> /bin/python3 -c "import ipykernel; print(ipykernel.__version__); print("5dc3a68c-e34e-4080-9c3e-2a532b2ccb4d"); print(ipykernel.__file__)"
warn 04:45:03.606: Stderr output when getting ipykernel version & path Traceback (most recent call last):
  File "<string>", line 1, in <module>
ModuleNotFoundError: No module named 'ipykernel' for /bin/python3
warn 04:45:03.612: Failed to get activated env vars for /bin/python3 in 346ms
info 04:45:03.627: Process Execution: > /bin/python3 -m ipykernel_launcher --ip=127.0.0.1 --stdin=9011 --control=9009 --hb=9008 --Session.signature_scheme="hmac-sha256" --Session.key=b"45c59cfb-fe31-4a54-babd-1e522c2c9a99" --shell=9010 --transport="tcp" --iopub=9012 --f=/home/cms-jovyan/.local/share/jupyter/runtime/kernel-v2-973ejpsCpcq0Y67.json
> /bin/python3 -m ipykernel_launcher --ip=127.0.0.1 --stdin=9011 --control=9009 --hb=9008 --Session.signature_scheme="hmac-sha256" --Session.key=b"45c59cfb-fe31-4a54-babd-1e522c2c9a99" --shell=9010 --transport="tcp" --iopub=9012 --f=/home/cms-jovyan/.local/share/jupyter/runtime/kernel-v2-973ejpsCpcq0Y67.json
info 04:45:03.627: Process Execution: cwd: ~
cwd: ~
warn 04:45:03.649: StdErr from Kernel Process /bin/python3: No module named ipykernel_launcher

error 04:45:03.652: Disposing kernel process due to an error [zp [Error]: The kernel died. Error: /bin/python3: No module named ipykernel_launcher... View Jupyter [log](command:jupyter.viewOutput) for further details.
	at ChildProcess.<anonymous> (/home/cms-jovyan/.vscode-server/extensions/ms-toolsai.jupyter-2023.3.1000892223/out/extension.node.js:17:58325)
	at ChildProcess.emit (node:events:538:35)
	at Process.ChildProcess._handle.onexit (node:internal/child_process:291:12)] {
  category: 'kerneldied',
  kernelConnectionMetadata: da {
    kind: 'startUsingPythonInterpreter',
    kernelSpec: cs {
      specFile: '/home/cms-jovyan/.vscode-server/extensions/ms-toolsai.jupyter-2023.3.1000892223/temp/jupyter/kernels/pythonjvsc74a57bd0916dbcbb3f70747c44a77c7bcd40155683ae19c65e1c03b4aa3499c5328201f1/kernel.json',
      interpreterPath: '/bin/python3',
      isRegisteredByVSC: 'registeredByNewVersionOfExt',
      name: 'pythonjvsc74a57bd0916dbcbb3f70747c44a77c7bcd40155683ae19c65e1c03b4aa3499c5328201f1',
      argv: [Array],
      language: 'python',
      executable: 'python',
      display_name: 'Python 3',
      metadata: [Object],
      env: {},
      interrupt_mode: undefined
    },
    interpreter: {
      id: '/bin/python3',
      sysPrefix: '/usr',
      envPath: undefined,
      displayPath: [E],
      envName: '',
      uri: [E],
      displayName: '',
      envType: 'Unknown',
      isCondaEnvWithoutPython: false,
      version: [Object]
    },
    id: '.jvsc74a57bd0916dbcbb3f70747c44a77c7bcd40155683ae19c65e1c03b4aa3499c5328201f1./bin/python3./bin/python3.-m#ipykernel_launcher'
  },
  exitCode: 1,
  stdErr: '/bin/python3: No module named ipykernel_launcher\n'
}
error 04:45:03.653: /bin/python3: No module named ipykernel_launcher

info 04:45:03.653: Dispose Kernel process 4588.
error 04:45:03.654: Kernel Launcher. launch, Class name = ah, completed in 395ms, has a falsy return value, Arg 1: {"id":".jvsc74a57bd0916dbcbb3f70747c44a77c7bcd40155683ae19c65e1c03b4aa3499c5328201f1./bin/python3./bin/python3.-m#ipykernel_launcher","kernelSpec":{"specFile":"/home/cms-jovyan/.vscode-server/extensions/ms-toolsai.jupyter-2023.3.1000892223/temp/jupyter/kernels/pythonjvsc74a57bd0916dbcbb3f70747c44a77c7bcd40155683ae19c65e1c03b4aa3499c5328201f1/kernel.json","interpreterPath":"/bin/python3","isRegisteredByVSC":"registeredByNewVersionOfExt","name":"pythonjvsc74a57bd0916dbcbb3f70747c44a77c7bcd40155683ae19c65e1c03b4aa3499c5328201f1","argv":["python","-m","ipykernel_launcher","-f","{connection_file}"],"language":"python","executable":"python","display_name":"Python 3","metadata":{"interpreter":{"path":"/bin/python3"}},"env":{}},"interpreter":{"id":"/bin/python3","sysPrefix":"/usr","displayPath":"/bin/python3","envName":"","displayName":"","envType":"Unknown","isCondaEnvWithoutPython":false,"version":{"major":3,"minor":8,"patch":10,"raw":"3.8.10 (default, Sep 28 2021, 16:10:42) \n[GCC 9.3.0]"},"path":"/bin/python3"},"kind":"startUsingPythonInterpreter"}, Arg 2: 60000, Arg 3: "~/Gaussian fit for different pt ranges.ipynb", Arg 4: "~", Arg 5: <argument cannot be serialized for logging> [zp [Error]: The kernel died. Error: /bin/python3: No module named ipykernel_launcher... View Jupyter [log](command:jupyter.viewOutput) for further details.
	at ChildProcess.<anonymous> (/home/cms-jovyan/.vscode-server/extensions/ms-toolsai.jupyter-2023.3.1000892223/out/extension.node.js:17:58325)
	at ChildProcess.emit (node:events:538:35)
	at Process.ChildProcess._handle.onexit (node:internal/child_process:291:12)] {
  category: 'kerneldied',
  kernelConnectionMetadata: da {
    kind: 'startUsingPythonInterpreter',
    kernelSpec: cs {
      specFile: '/home/cms-jovyan/.vscode-server/extensions/ms-toolsai.jupyter-2023.3.1000892223/temp/jupyter/kernels/pythonjvsc74a57bd0916dbcbb3f70747c44a77c7bcd40155683ae19c65e1c03b4aa3499c5328201f1/kernel.json',
      interpreterPath: '/bin/python3',
      isRegisteredByVSC: 'registeredByNewVersionOfExt',
      name: 'pythonjvsc74a57bd0916dbcbb3f70747c44a77c7bcd40155683ae19c65e1c03b4aa3499c5328201f1',
      argv: [Array],
      language: 'python',
      executable: 'python',
      display_name: 'Python 3',
      metadata: [Object],
      env: {},
      interrupt_mode: undefined
    },
    interpreter: {
      id: '/bin/python3',
      sysPrefix: '/usr',
      envPath: undefined,
      displayPath: [E],
      envName: '',
      uri: [E],
      displayName: '',
      envType: 'Unknown',
      isCondaEnvWithoutPython: false,
      version: [Object]
    },
    id: '.jvsc74a57bd0916dbcbb3f70747c44a77c7bcd40155683ae19c65e1c03b4aa3499c5328201f1./bin/python3./bin/python3.-m#ipykernel_launcher'
  },
  exitCode: 1,
  stdErr: '/bin/python3: No module named ipykernel_launcher\n'
}
error 04:45:03.656: Failed to connect raw kernel session: Error: The kernel died. Error: /bin/python3: No module named ipykernel_launcher... View Jupyter [log](command:jupyter.viewOutput) for further details.
warn 04:45:03.656: Error occurred while trying to start the kernel, options.disableUI=false [zp [Error]: The kernel died. Error: /bin/python3: No module named ipykernel_launcher... View Jupyter [log](command:jupyter.viewOutput) for further details.
	at ChildProcess.<anonymous> (/home/cms-jovyan/.vscode-server/extensions/ms-toolsai.jupyter-2023.3.1000892223/out/extension.node.js:17:58325)
	at ChildProcess.emit (node:events:538:35)
	at Process.ChildProcess._handle.onexit (node:internal/child_process:291:12)] {
  category: 'kerneldied',
  kernelConnectionMetadata: da {
    kind: 'startUsingPythonInterpreter',
    kernelSpec: cs {
      specFile: '/home/cms-jovyan/.vscode-server/extensions/ms-toolsai.jupyter-2023.3.1000892223/temp/jupyter/kernels/pythonjvsc74a57bd0916dbcbb3f70747c44a77c7bcd40155683ae19c65e1c03b4aa3499c5328201f1/kernel.json',
      interpreterPath: '/bin/python3',
      isRegisteredByVSC: 'registeredByNewVersionOfExt',
      name: 'pythonjvsc74a57bd0916dbcbb3f70747c44a77c7bcd40155683ae19c65e1c03b4aa3499c5328201f1',
      argv: [Array],
      language: 'python',
      executable: 'python',
      display_name: 'Python 3',
      metadata: [Object],
      env: {},
      interrupt_mode: undefined
    },
    interpreter: {
      id: '/bin/python3',
      sysPrefix: '/usr',
      envPath: undefined,
      displayPath: [E],
      envName: '',
      uri: [E],
      displayName: '',
      envType: 'Unknown',
      isCondaEnvWithoutPython: false,
      version: [Object]
    },
    id: '.jvsc74a57bd0916dbcbb3f70747c44a77c7bcd40155683ae19c65e1c03b4aa3499c5328201f1./bin/python3./bin/python3.-m#ipykernel_launcher'
  },
  exitCode: 1,
  stdErr: '/bin/python3: No module named ipykernel_launcher\n'
}
warn 04:45:03.657: Kernel Error, context = start [zp [Error]: The kernel died. Error: /bin/python3: No module named ipykernel_launcher... View Jupyter [log](command:jupyter.viewOutput) for further details.
	at ChildProcess.<anonymous> (/home/cms-jovyan/.vscode-server/extensions/ms-toolsai.jupyter-2023.3.1000892223/out/extension.node.js:17:58325)
	at ChildProcess.emit (node:events:538:35)
	at Process.ChildProcess._handle.onexit (node:internal/child_process:291:12)] {
  category: 'kerneldied',
  kernelConnectionMetadata: da {
    kind: 'startUsingPythonInterpreter',
    kernelSpec: cs {
      specFile: '/home/cms-jovyan/.vscode-server/extensions/ms-toolsai.jupyter-2023.3.1000892223/temp/jupyter/kernels/pythonjvsc74a57bd0916dbcbb3f70747c44a77c7bcd40155683ae19c65e1c03b4aa3499c5328201f1/kernel.json',
      interpreterPath: '/bin/python3',
      isRegisteredByVSC: 'registeredByNewVersionOfExt',
      name: 'pythonjvsc74a57bd0916dbcbb3f70747c44a77c7bcd40155683ae19c65e1c03b4aa3499c5328201f1',
      argv: [Array],
      language: 'python',
      executable: 'python',
      display_name: 'Python 3',
      metadata: [Object],
      env: {},
      interrupt_mode: undefined
    },
    interpreter: {
      id: '/bin/python3',
      sysPrefix: '/usr',
      envPath: undefined,
      displayPath: [E],
      envName: '',
      uri: [E],
      displayName: '',
      envType: 'Unknown',
      isCondaEnvWithoutPython: false,
      version: [Object]
    },
    id: '.jvsc74a57bd0916dbcbb3f70747c44a77c7bcd40155683ae19c65e1c03b4aa3499c5328201f1./bin/python3./bin/python3.-m#ipykernel_launcher'
  },
  exitCode: 1,
  stdErr: '/bin/python3: No module named ipykernel_launcher\n'
}
warn 04:45:03.824: Failed to get activated env vars for /bin/python3 in 164ms
info 04:45:03.837: Process Execution: > /bin/python3 -c "import ipykernel;print('6af208d0-cb9c-427f-b937-ff563e17efdf')"
> /bin/python3 -c "import ipykernel;print('6af208d0-cb9c-427f-b937-ff563e17efdf')"
info 04:45:03.853: installMissingDependencies /bin/python3, ui.disabled=false for resource '/home/cms-jovyan/Gaussian fit for different pt ranges.ipynb'
warn 04:45:04.043: Failed to get activated env vars for /bin/python3 in 189ms
info 04:45:04.058: Process Execution: > /bin/python3 -c "import ipykernel;print('6af208d0-cb9c-427f-b937-ff563e17efdf')"
> /bin/python3 -c "import ipykernel;print('6af208d0-cb9c-427f-b937-ff563e17efdf')"
warn 04:45:04.236: Failed to get activated env vars for /bin/python3 in 159ms
info 04:45:04.250: Process Execution: > /bin/python3 -c "import pip;print('6af208d0-cb9c-427f-b937-ff563e17efdf')"
> /bin/python3 -c "import pip;print('6af208d0-cb9c-427f-b937-ff563e17efdf')"
info 04:45:13.136: Dispose Kernel '/home/cms-jovyan/Gaussian fit for different pt ranges.ipynb' associated with '/home/cms-jovyan/Gaussian fit for different pt ranges.ipynb'
info 04:45:21.452: Shutting down notebooks for 350bbfc1-ba58-4fa7-9936-1efa44ff96b7
info 04:45:21.452: Disposing HostJupyterExecution 9c577290-b979-411a-a9b4-d51c481bdbff
info 04:45:21.452: Dispose Kernel '/home/cms-jovyan/Gaussian fit for different pt ranges.ipynb' associated with '/home/cms-jovyan/Gaussian fit for different pt ranges.ipynb'
info 04:45:21.453: Disposing HostJupyterExecution 9c577290-b979-411a-a9b4-d51c481bdbff
error 04:45:21.462: Error in execution [Canceled: Canceled
	at Object.k [as canceled] (/home/cms-jovyan/.vscode-server/bin/b7886d7461186a5eac768481578c1d7ca80e2d21/out/vs/workbench/api/node/extensionHostProcess.js:7:1192)
	at /home/cms-jovyan/.vscode-server/bin/b7886d7461186a5eac768481578c1d7ca80e2d21/out/vs/workbench/api/node/extensionHostProcess.js:109:8301
	at Array.forEach (<anonymous>)
	at c.dispose (/home/cms-jovyan/.vscode-server/bin/b7886d7461186a5eac768481578c1d7ca80e2d21/out/vs/workbench/api/node/extensionHostProcess.js:109:8266)
	at E.terminate (/home/cms-jovyan/.vscode-server/bin/b7886d7461186a5eac768481578c1d7ca80e2d21/out/vs/workbench/api/node/extensionHostProcess.js:111:9366)
	at d.terminate (/home/cms-jovyan/.vscode-server/bin/b7886d7461186a5eac768481578c1d7ca80e2d21/out/vs/workbench/api/node/extensionHostProcess.js:115:1544)
	at p (/home/cms-jovyan/.vscode-server/bin/b7886d7461186a5eac768481578c1d7ca80e2d21/out/vs/workbench/api/node/extensionHostProcess.js:125:18690)
	at /home/cms-jovyan/.vscode-server/bin/b7886d7461186a5eac768481578c1d7ca80e2d21/out/vs/workbench/api/node/extensionHostProcess.js:125:16600
	at E.invoke (/home/cms-jovyan/.vscode-server/bin/b7886d7461186a5eac768481578c1d7ca80e2d21/out/vs/workbench/api/node/extensionHostProcess.js:63:145)
	at h.deliver (/home/cms-jovyan/.vscode-server/bin/b7886d7461186a5eac768481578c1d7ca80e2d21/out/vs/workbench/api/node/extensionHostProcess.js:63:2121)
	at n.fire (/home/cms-jovyan/.vscode-server/bin/b7886d7461186a5eac768481578c1d7ca80e2d21/out/vs/workbench/api/node/extensionHostProcess.js:63:1729)
	at p.fire (/home/cms-jovyan/.vscode-server/bin/b7886d7461186a5eac768481578c1d7ca80e2d21/out/vs/workbench/api/node/extensionHostProcess.js:72:14916)
	at s.E (/home/cms-jovyan/.vscode-server/bin/b7886d7461186a5eac768481578c1d7ca80e2d21/out/vs/workbench/api/node/extensionHostProcess.js:72:18982)
	at /home/cms-jovyan/.vscode-server/bin/b7886d7461186a5eac768481578c1d7ca80e2d21/out/vs/workbench/api/node/extensionHostProcess.js:72:16970
	at E.invoke (/home/cms-jovyan/.vscode-server/bin/b7886d7461186a5eac768481578c1d7ca80e2d21/out/vs/workbench/api/node/extensionHostProcess.js:63:145)
	at h.deliver (/home/cms-jovyan/.vscode-server/bin/b7886d7461186a5eac768481578c1d7ca80e2d21/out/vs/workbench/api/node/extensionHostProcess.js:63:2121)
	at n.fire (/home/cms-jovyan/.vscode-server/bin/b7886d7461186a5eac768481578c1d7ca80e2d21/out/vs/workbench/api/node/extensionHostProcess.js:63:1729)
	at d.acceptChunk (/home/cms-jovyan/.vscode-server/bin/b7886d7461186a5eac768481578c1d7ca80e2d21/out/vs/workbench/api/node/extensionHostProcess.js:72:12647)
	at /home/cms-jovyan/.vscode-server/bin/b7886d7461186a5eac768481578c1d7ca80e2d21/out/vs/workbench/api/node/extensionHostProcess.js:72:11934
	at E.invoke (/home/cms-jovyan/.vscode-server/bin/b7886d7461186a5eac768481578c1d7ca80e2d21/out/vs/workbench/api/node/extensionHostProcess.js:63:145)
	at h.deliver (/home/cms-jovyan/.vscode-server/bin/b7886d7461186a5eac768481578c1d7ca80e2d21/out/vs/workbench/api/node/extensionHostProcess.js:63:2121)
	at n.fire (/home/cms-jovyan/.vscode-server/bin/b7886d7461186a5eac768481578c1d7ca80e2d21/out/vs/workbench/api/node/extensionHostProcess.js:63:1729)
	at n.u (/home/cms-jovyan/.vscode-server/bin/b7886d7461186a5eac768481578c1d7ca80e2d21/out/vs/workbench/api/node/extensionHostProcess.js:72:28899)]
error 04:45:21.463: Error in execution (get message for cell) [Canceled: Canceled
	at Object.k [as canceled] (/home/cms-jovyan/.vscode-server/bin/b7886d7461186a5eac768481578c1d7ca80e2d21/out/vs/workbench/api/node/extensionHostProcess.js:7:1192)
	at /home/cms-jovyan/.vscode-server/bin/b7886d7461186a5eac768481578c1d7ca80e2d21/out/vs/workbench/api/node/extensionHostProcess.js:109:8301
	at Array.forEach (<anonymous>)
	at c.dispose (/home/cms-jovyan/.vscode-server/bin/b7886d7461186a5eac768481578c1d7ca80e2d21/out/vs/workbench/api/node/extensionHostProcess.js:109:8266)
	at E.terminate (/home/cms-jovyan/.vscode-server/bin/b7886d7461186a5eac768481578c1d7ca80e2d21/out/vs/workbench/api/node/extensionHostProcess.js:111:9366)
	at d.terminate (/home/cms-jovyan/.vscode-server/bin/b7886d7461186a5eac768481578c1d7ca80e2d21/out/vs/workbench/api/node/extensionHostProcess.js:115:1544)
	at p (/home/cms-jovyan/.vscode-server/bin/b7886d7461186a5eac768481578c1d7ca80e2d21/out/vs/workbench/api/node/extensionHostProcess.js:125:18690)
	at /home/cms-jovyan/.vscode-server/bin/b7886d7461186a5eac768481578c1d7ca80e2d21/out/vs/workbench/api/node/extensionHostProcess.js:125:16600
	at E.invoke (/home/cms-jovyan/.vscode-server/bin/b7886d7461186a5eac768481578c1d7ca80e2d21/out/vs/workbench/api/node/extensionHostProcess.js:63:145)
	at h.deliver (/home/cms-jovyan/.vscode-server/bin/b7886d7461186a5eac768481578c1d7ca80e2d21/out/vs/workbench/api/node/extensionHostProcess.js:63:2121)
	at n.fire (/home/cms-jovyan/.vscode-server/bin/b7886d7461186a5eac768481578c1d7ca80e2d21/out/vs/workbench/api/node/extensionHostProcess.js:63:1729)
	at p.fire (/home/cms-jovyan/.vscode-server/bin/b7886d7461186a5eac768481578c1d7ca80e2d21/out/vs/workbench/api/node/extensionHostProcess.js:72:14916)
	at s.E (/home/cms-jovyan/.vscode-server/bin/b7886d7461186a5eac768481578c1d7ca80e2d21/out/vs/workbench/api/node/extensionHostProcess.js:72:18982)
	at /home/cms-jovyan/.vscode-server/bin/b7886d7461186a5eac768481578c1d7ca80e2d21/out/vs/workbench/api/node/extensionHostProcess.js:72:16970
	at E.invoke (/home/cms-jovyan/.vscode-server/bin/b7886d7461186a5eac768481578c1d7ca80e2d21/out/vs/workbench/api/node/extensionHostProcess.js:63:145)
	at h.deliver (/home/cms-jovyan/.vscode-server/bin/b7886d7461186a5eac768481578c1d7ca80e2d21/out/vs/workbench/api/node/extensionHostProcess.js:63:2121)
	at n.fire (/home/cms-jovyan/.vscode-server/bin/b7886d7461186a5eac768481578c1d7ca80e2d21/out/vs/workbench/api/node/extensionHostProcess.js:63:1729)
	at d.acceptChunk (/home/cms-jovyan/.vscode-server/bin/b7886d7461186a5eac768481578c1d7ca80e2d21/out/vs/workbench/api/node/extensionHostProcess.js:72:12647)
	at /home/cms-jovyan/.vscode-server/bin/b7886d7461186a5eac768481578c1d7ca80e2d21/out/vs/workbench/api/node/extensionHostProcess.js:72:11934
	at E.invoke (/home/cms-jovyan/.vscode-server/bin/b7886d7461186a5eac768481578c1d7ca80e2d21/out/vs/workbench/api/node/extensionHostProcess.js:63:145)
	at h.deliver (/home/cms-jovyan/.vscode-server/bin/b7886d7461186a5eac768481578c1d7ca80e2d21/out/vs/workbench/api/node/extensionHostProcess.js:63:2121)
	at n.fire (/home/cms-jovyan/.vscode-server/bin/b7886d7461186a5eac768481578c1d7ca80e2d21/out/vs/workbench/api/node/extensionHostProcess.js:63:1729)
	at n.u (/home/cms-jovyan/.vscode-server/bin/b7886d7461186a5eac768481578c1d7ca80e2d21/out/vs/workbench/api/node/extensionHostProcess.js:72:28899)]
error 04:45:21.464: UniversalRemoteKernelFinder: Failed to get kernels without cache [Canceled: Canceled
	at Object.k [as canceled] (/home/cms-jovyan/.vscode-server/bin/b7886d7461186a5eac768481578c1d7ca80e2d21/out/vs/workbench/api/node/extensionHostProcess.js:7:1192)
	at /home/cms-jovyan/.vscode-server/bin/b7886d7461186a5eac768481578c1d7ca80e2d21/out/vs/workbench/api/node/extensionHostProcess.js:109:8301
	at Array.forEach (<anonymous>)
	at c.dispose (/home/cms-jovyan/.vscode-server/bin/b7886d7461186a5eac768481578c1d7ca80e2d21/out/vs/workbench/api/node/extensionHostProcess.js:109:8266)
	at E.terminate (/home/cms-jovyan/.vscode-server/bin/b7886d7461186a5eac768481578c1d7ca80e2d21/out/vs/workbench/api/node/extensionHostProcess.js:111:9366)
	at d.terminate (/home/cms-jovyan/.vscode-server/bin/b7886d7461186a5eac768481578c1d7ca80e2d21/out/vs/workbench/api/node/extensionHostProcess.js:115:1544)
	at p (/home/cms-jovyan/.vscode-server/bin/b7886d7461186a5eac768481578c1d7ca80e2d21/out/vs/workbench/api/node/extensionHostProcess.js:125:18690)
	at /home/cms-jovyan/.vscode-server/bin/b7886d7461186a5eac768481578c1d7ca80e2d21/out/vs/workbench/api/node/extensionHostProcess.js:125:16600
	at E.invoke (/home/cms-jovyan/.vscode-server/bin/b7886d7461186a5eac768481578c1d7ca80e2d21/out/vs/workbench/api/node/extensionHostProcess.js:63:145)
	at h.deliver (/home/cms-jovyan/.vscode-server/bin/b7886d7461186a5eac768481578c1d7ca80e2d21/out/vs/workbench/api/node/extensionHostProcess.js:63:2121)
	at n.fire (/home/cms-jovyan/.vscode-server/bin/b7886d7461186a5eac768481578c1d7ca80e2d21/out/vs/workbench/api/node/extensionHostProcess.js:63:1729)
	at p.fire (/home/cms-jovyan/.vscode-server/bin/b7886d7461186a5eac768481578c1d7ca80e2d21/out/vs/workbench/api/node/extensionHostProcess.js:72:14916)
	at s.E (/home/cms-jovyan/.vscode-server/bin/b7886d7461186a5eac768481578c1d7ca80e2d21/out/vs/workbench/api/node/extensionHostProcess.js:72:18982)
	at /home/cms-jovyan/.vscode-server/bin/b7886d7461186a5eac768481578c1d7ca80e2d21/out/vs/workbench/api/node/extensionHostProcess.js:72:16970
	at E.invoke (/home/cms-jovyan/.vscode-server/bin/b7886d7461186a5eac768481578c1d7ca80e2d21/out/vs/workbench/api/node/extensionHostProcess.js:63:145)
	at h.deliver (/home/cms-jovyan/.vscode-server/bin/b7886d7461186a5eac768481578c1d7ca80e2d21/out/vs/workbench/api/node/extensionHostProcess.js:63:2121)
	at n.fire (/home/cms-jovyan/.vscode-server/bin/b7886d7461186a5eac768481578c1d7ca80e2d21/out/vs/workbench/api/node/extensionHostProcess.js:63:1729)
	at d.acceptChunk (/home/cms-jovyan/.vscode-server/bin/b7886d7461186a5eac768481578c1d7ca80e2d21/out/vs/workbench/api/node/extensionHostProcess.js:72:12647)
	at /home/cms-jovyan/.vscode-server/bin/b7886d7461186a5eac768481578c1d7ca80e2d21/out/vs/workbench/api/node/extensionHostProcess.js:72:11934
	at E.invoke (/home/cms-jovyan/.vscode-server/bin/b7886d7461186a5eac768481578c1d7ca80e2d21/out/vs/workbench/api/node/extensionHostProcess.js:63:145)
	at h.deliver (/home/cms-jovyan/.vscode-server/bin/b7886d7461186a5eac768481578c1d7ca80e2d21/out/vs/workbench/api/node/extensionHostProcess.js:63:2121)
	at n.fire (/home/cms-jovyan/.vscode-server/bin/b7886d7461186a5eac768481578c1d7ca80e2d21/out/vs/workbench/api/node/extensionHostProcess.js:63:1729)
	at n.u (/home/cms-jovyan/.vscode-server/bin/b7886d7461186a5eac768481578c1d7ca80e2d21/out/vs/workbench/api/node/extensionHostProcess.js:72:28899)]
error 04:45:21.471: UniversalRemoteKernelFinder: Failed to write to cache [Canceled: Canceled
	at new l (/home/cms-jovyan/.vscode-server/bin/b7886d7461186a5eac768481578c1d7ca80e2d21/out/vs/workbench/api/node/extensionHostProcess.js:99:105190)
	at c.O (/home/cms-jovyan/.vscode-server/bin/b7886d7461186a5eac768481578c1d7ca80e2d21/out/vs/workbench/api/node/extensionHostProcess.js:109:11692)
	at Proxy.G.<computed>.Q.charCodeAt.G.<computed> (/home/cms-jovyan/.vscode-server/bin/b7886d7461186a5eac768481578c1d7ca80e2d21/out/vs/workbench/api/node/extensionHostProcess.js:109:8967)
	at R.setValue (/home/cms-jovyan/.vscode-server/bin/b7886d7461186a5eac768481578c1d7ca80e2d21/out/vs/workbench/api/node/extensionHostProcess.js:101:131050)
	at /home/cms-jovyan/.vscode-server/bin/b7886d7461186a5eac768481578c1d7ca80e2d21/out/vs/workbench/api/node/extensionHostProcess.js:91:14470
	at G.a (/home/cms-jovyan/.vscode-server/bin/b7886d7461186a5eac768481578c1d7ca80e2d21/out/vs/workbench/api/node/extensionHostProcess.js:91:14588)
	at G.h (/home/cms-jovyan/.vscode-server/bin/b7886d7461186a5eac768481578c1d7ca80e2d21/out/vs/workbench/api/node/extensionHostProcess.js:66:46019)
	at G.g (/home/cms-jovyan/.vscode-server/bin/b7886d7461186a5eac768481578c1d7ca80e2d21/out/vs/workbench/api/node/extensionHostProcess.js:66:46003)
	at listOnTimeout (node:internal/timers:559:17)
	at processTimers (node:internal/timers:502:7)]
